{"C:\\Users\\I528812\\Train-project\\configuration-apps\\srv\\mail-service.js": {"path":"C:\\Users\\I528812\\Train-project\\configuration-apps\\srv\\mail-service.js","statementMap":{"0":{"start":{"line":1,"column":10},"end":{"line":1,"column":29}},"1":{"start":{"line":4,"column":8},"end":{"line":4,"column":27}},"2":{"start":{"line":6,"column":20},"end":{"line":6,"column":38}},"3":{"start":{"line":7,"column":8},"end":{"line":7,"column":78}},"4":{"start":{"line":7,"column":51},"end":{"line":7,"column":76}},"5":{"start":{"line":8,"column":8},"end":{"line":8,"column":80}},"6":{"start":{"line":8,"column":53},"end":{"line":8,"column":78}},"7":{"start":{"line":9,"column":8},"end":{"line":9,"column":76}},"8":{"start":{"line":9,"column":50},"end":{"line":9,"column":74}},"9":{"start":{"line":13,"column":16},"end":{"line":13,"column":63}},"10":{"start":{"line":14,"column":4},"end":{"line":26,"column":11}},"11":{"start":{"line":15,"column":8},"end":{"line":23,"column":9}},"12":{"start":{"line":16,"column":12},"end":{"line":16,"column":32}},"13":{"start":{"line":17,"column":15},"end":{"line":23,"column":9}},"14":{"start":{"line":18,"column":12},"end":{"line":18,"column":32}},"15":{"start":{"line":19,"column":14},"end":{"line":23,"column":9}},"16":{"start":{"line":20,"column":12},"end":{"line":20,"column":32}},"17":{"start":{"line":22,"column":12},"end":{"line":22,"column":32}},"18":{"start":{"line":25,"column":8},"end":{"line":25,"column":80}},"19":{"start":{"line":29,"column":18},"end":{"line":29,"column":91}},"20":{"start":{"line":30,"column":19},"end":{"line":30,"column":32}},"21":{"start":{"line":31,"column":8},"end":{"line":37,"column":9}},"22":{"start":{"line":32,"column":12},"end":{"line":32,"column":33}},"23":{"start":{"line":33,"column":15},"end":{"line":37,"column":9}},"24":{"start":{"line":34,"column":12},"end":{"line":34,"column":32}},"25":{"start":{"line":36,"column":12},"end":{"line":36,"column":28}},"26":{"start":{"line":38,"column":8},"end":{"line":38,"column":76}},"27":{"start":{"line":39,"column":8},"end":{"line":39,"column":65}},"28":{"start":{"line":43,"column":8},"end":{"line":43,"column":66}},"29":{"start":{"line":47,"column":8},"end":{"line":47,"column":61}},"30":{"start":{"line":51,"column":8},"end":{"line":51,"column":54}},"31":{"start":{"line":69,"column":0},"end":{"line":69,"column":29}}},"fnMap":{"0":{"name":"(anonymous_0)","decl":{"start":{"line":3,"column":4},"end":{"line":3,"column":5}},"loc":{"start":{"line":3,"column":17},"end":{"line":10,"column":5}},"line":3},"1":{"name":"(anonymous_1)","decl":{"start":{"line":7,"column":36},"end":{"line":7,"column":37}},"loc":{"start":{"line":7,"column":51},"end":{"line":7,"column":76}},"line":7},"2":{"name":"(anonymous_2)","decl":{"start":{"line":8,"column":33},"end":{"line":8,"column":34}},"loc":{"start":{"line":8,"column":53},"end":{"line":8,"column":78}},"line":8},"3":{"name":"(anonymous_3)","decl":{"start":{"line":9,"column":35},"end":{"line":9,"column":36}},"loc":{"start":{"line":9,"column":50},"end":{"line":9,"column":74}},"line":9},"4":{"name":"(anonymous_4)","decl":{"start":{"line":12,"column":4},"end":{"line":12,"column":5}},"loc":{"start":{"line":12,"column":30},"end":{"line":27,"column":5}},"line":12},"5":{"name":"(anonymous_5)","decl":{"start":{"line":14,"column":18},"end":{"line":14,"column":19}},"loc":{"start":{"line":14,"column":31},"end":{"line":26,"column":9}},"line":14},"6":{"name":"(anonymous_6)","decl":{"start":{"line":28,"column":4},"end":{"line":28,"column":5}},"loc":{"start":{"line":28,"column":29},"end":{"line":40,"column":5}},"line":28},"7":{"name":"(anonymous_7)","decl":{"start":{"line":42,"column":4},"end":{"line":42,"column":5}},"loc":{"start":{"line":42,"column":30},"end":{"line":44,"column":5}},"line":42},"8":{"name":"(anonymous_8)","decl":{"start":{"line":46,"column":4},"end":{"line":46,"column":5}},"loc":{"start":{"line":46,"column":46},"end":{"line":48,"column":5}},"line":46},"9":{"name":"(anonymous_9)","decl":{"start":{"line":50,"column":4},"end":{"line":50,"column":5}},"loc":{"start":{"line":50,"column":39},"end":{"line":52,"column":5}},"line":50}},"branchMap":{"0":{"loc":{"start":{"line":13,"column":16},"end":{"line":13,"column":63}},"type":"cond-expr","locations":[{"start":{"line":13,"column":42},"end":{"line":13,"column":50}},{"start":{"line":13,"column":53},"end":{"line":13,"column":63}}],"line":13},"1":{"loc":{"start":{"line":15,"column":8},"end":{"line":23,"column":9}},"type":"if","locations":[{"start":{"line":15,"column":8},"end":{"line":23,"column":9}},{"start":{"line":17,"column":15},"end":{"line":23,"column":9}}],"line":15},"2":{"loc":{"start":{"line":17,"column":15},"end":{"line":23,"column":9}},"type":"if","locations":[{"start":{"line":17,"column":15},"end":{"line":23,"column":9}},{"start":{"line":19,"column":14},"end":{"line":23,"column":9}}],"line":17},"3":{"loc":{"start":{"line":19,"column":14},"end":{"line":23,"column":9}},"type":"if","locations":[{"start":{"line":19,"column":14},"end":{"line":23,"column":9}},{"start":{"line":21,"column":14},"end":{"line":23,"column":9}}],"line":19},"4":{"loc":{"start":{"line":31,"column":8},"end":{"line":37,"column":9}},"type":"if","locations":[{"start":{"line":31,"column":8},"end":{"line":37,"column":9}},{"start":{"line":33,"column":15},"end":{"line":37,"column":9}}],"line":31},"5":{"loc":{"start":{"line":33,"column":15},"end":{"line":37,"column":9}},"type":"if","locations":[{"start":{"line":33,"column":15},"end":{"line":37,"column":9}},{"start":{"line":35,"column":14},"end":{"line":37,"column":9}}],"line":33}},"s":{"0":1,"1":2,"2":2,"3":2,"4":0,"5":2,"6":0,"7":2,"8":0,"9":4,"10":4,"11":4,"12":1,"13":3,"14":1,"15":2,"16":1,"17":1,"18":4,"19":3,"20":3,"21":3,"22":1,"23":2,"24":1,"25":1,"26":3,"27":3,"28":1,"29":4,"30":0,"31":1},"f":{"0":2,"1":0,"2":0,"3":0,"4":4,"5":4,"6":3,"7":1,"8":4,"9":0},"b":{"0":[0,4],"1":[1,3],"2":[1,2],"3":[1,1],"4":[1,2],"5":[1,1]},"_coverageSchema":"1a1c01bbd47fc00a2c39e90264f33305004495a9","hash":"1d86ea444ac6365affa102100362d93c9a4e2919"}
,"C:\\Users\\I528812\\Train-project\\configuration-apps\\srv\\master-service.js": {"path":"C:\\Users\\I528812\\Train-project\\configuration-apps\\srv\\master-service.js","statementMap":{"0":{"start":{"line":1,"column":10},"end":{"line":1,"column":29}},"1":{"start":{"line":4,"column":8},"end":{"line":4,"column":27}},"2":{"start":{"line":5,"column":22},"end":{"line":5,"column":42}},"3":{"start":{"line":6,"column":28},"end":{"line":6,"column":53}},"4":{"start":{"line":8,"column":8},"end":{"line":8,"column":83}},"5":{"start":{"line":8,"column":53},"end":{"line":8,"column":81}},"6":{"start":{"line":9,"column":8},"end":{"line":9,"column":82}},"7":{"start":{"line":9,"column":53},"end":{"line":9,"column":80}},"8":{"start":{"line":11,"column":8},"end":{"line":11,"column":86}},"9":{"start":{"line":11,"column":57},"end":{"line":11,"column":84}},"10":{"start":{"line":12,"column":8},"end":{"line":12,"column":78}},"11":{"start":{"line":12,"column":52},"end":{"line":12,"column":76}},"12":{"start":{"line":13,"column":8},"end":{"line":13,"column":78}},"13":{"start":{"line":13,"column":52},"end":{"line":13,"column":76}},"14":{"start":{"line":14,"column":8},"end":{"line":14,"column":77}},"15":{"start":{"line":14,"column":52},"end":{"line":14,"column":75}},"16":{"start":{"line":18,"column":22},"end":{"line":18,"column":75}},"17":{"start":{"line":19,"column":8},"end":{"line":43,"column":11}},"18":{"start":{"line":20,"column":12},"end":{"line":28,"column":13}},"19":{"start":{"line":21,"column":16},"end":{"line":21,"column":36}},"20":{"start":{"line":22,"column":19},"end":{"line":28,"column":13}},"21":{"start":{"line":23,"column":16},"end":{"line":23,"column":36}},"22":{"start":{"line":24,"column":18},"end":{"line":28,"column":13}},"23":{"start":{"line":25,"column":16},"end":{"line":25,"column":36}},"24":{"start":{"line":27,"column":16},"end":{"line":27,"column":36}},"25":{"start":{"line":29,"column":12},"end":{"line":29,"column":91}},"26":{"start":{"line":32,"column":12},"end":{"line":40,"column":13}},"27":{"start":{"line":33,"column":16},"end":{"line":33,"column":34}},"28":{"start":{"line":35,"column":17},"end":{"line":40,"column":13}},"29":{"start":{"line":36,"column":16},"end":{"line":36,"column":34}},"30":{"start":{"line":38,"column":17},"end":{"line":40,"column":13}},"31":{"start":{"line":39,"column":16},"end":{"line":39,"column":34}},"32":{"start":{"line":41,"column":12},"end":{"line":41,"column":87}},"33":{"start":{"line":46,"column":18},"end":{"line":46,"column":93}},"34":{"start":{"line":47,"column":19},"end":{"line":47,"column":32}},"35":{"start":{"line":48,"column":8},"end":{"line":54,"column":9}},"36":{"start":{"line":49,"column":12},"end":{"line":49,"column":33}},"37":{"start":{"line":50,"column":15},"end":{"line":54,"column":9}},"38":{"start":{"line":51,"column":12},"end":{"line":51,"column":32}},"39":{"start":{"line":53,"column":12},"end":{"line":53,"column":28}},"40":{"start":{"line":55,"column":8},"end":{"line":55,"column":58}},"41":{"start":{"line":56,"column":8},"end":{"line":56,"column":83}},"42":{"start":{"line":60,"column":8},"end":{"line":60,"column":69}},"43":{"start":{"line":61,"column":8},"end":{"line":61,"column":94}},"44":{"start":{"line":65,"column":8},"end":{"line":65,"column":67}},"45":{"start":{"line":66,"column":8},"end":{"line":66,"column":97}},"46":{"start":{"line":70,"column":8},"end":{"line":70,"column":58}},"47":{"start":{"line":74,"column":8},"end":{"line":74,"column":59}},"48":{"start":{"line":77,"column":0},"end":{"line":77,"column":31}}},"fnMap":{"0":{"name":"(anonymous_0)","decl":{"start":{"line":3,"column":4},"end":{"line":3,"column":5}},"loc":{"start":{"line":3,"column":17},"end":{"line":15,"column":5}},"line":3},"1":{"name":"(anonymous_1)","decl":{"start":{"line":8,"column":38},"end":{"line":8,"column":39}},"loc":{"start":{"line":8,"column":53},"end":{"line":8,"column":81}},"line":8},"2":{"name":"(anonymous_2)","decl":{"start":{"line":9,"column":38},"end":{"line":9,"column":39}},"loc":{"start":{"line":9,"column":53},"end":{"line":9,"column":80}},"line":9},"3":{"name":"(anonymous_3)","decl":{"start":{"line":11,"column":35},"end":{"line":11,"column":36}},"loc":{"start":{"line":11,"column":57},"end":{"line":11,"column":84}},"line":11},"4":{"name":"(anonymous_4)","decl":{"start":{"line":12,"column":37},"end":{"line":12,"column":38}},"loc":{"start":{"line":12,"column":52},"end":{"line":12,"column":76}},"line":12},"5":{"name":"(anonymous_5)","decl":{"start":{"line":13,"column":37},"end":{"line":13,"column":38}},"loc":{"start":{"line":13,"column":52},"end":{"line":13,"column":76}},"line":13},"6":{"name":"(anonymous_6)","decl":{"start":{"line":14,"column":38},"end":{"line":14,"column":39}},"loc":{"start":{"line":14,"column":52},"end":{"line":14,"column":75}},"line":14},"7":{"name":"(anonymous_7)","decl":{"start":{"line":17,"column":4},"end":{"line":17,"column":5}},"loc":{"start":{"line":17,"column":32},"end":{"line":44,"column":1}},"line":17},"8":{"name":"(anonymous_8)","decl":{"start":{"line":19,"column":24},"end":{"line":19,"column":25}},"loc":{"start":{"line":19,"column":35},"end":{"line":30,"column":9}},"line":19},"9":{"name":"(anonymous_9)","decl":{"start":{"line":31,"column":24},"end":{"line":31,"column":25}},"loc":{"start":{"line":31,"column":35},"end":{"line":43,"column":9}},"line":31},"10":{"name":"(anonymous_10)","decl":{"start":{"line":45,"column":4},"end":{"line":45,"column":5}},"loc":{"start":{"line":45,"column":29},"end":{"line":57,"column":5}},"line":45},"11":{"name":"(anonymous_11)","decl":{"start":{"line":59,"column":4},"end":{"line":59,"column":5}},"loc":{"start":{"line":59,"column":29},"end":{"line":62,"column":5}},"line":59},"12":{"name":"(anonymous_12)","decl":{"start":{"line":64,"column":4},"end":{"line":64,"column":5}},"loc":{"start":{"line":64,"column":28},"end":{"line":67,"column":5}},"line":64},"13":{"name":"(anonymous_13)","decl":{"start":{"line":69,"column":4},"end":{"line":69,"column":5}},"loc":{"start":{"line":69,"column":33},"end":{"line":71,"column":5}},"line":69},"14":{"name":"(anonymous_14)","decl":{"start":{"line":73,"column":4},"end":{"line":73,"column":5}},"loc":{"start":{"line":73,"column":32},"end":{"line":75,"column":5}},"line":73}},"branchMap":{"0":{"loc":{"start":{"line":18,"column":22},"end":{"line":18,"column":75}},"type":"cond-expr","locations":[{"start":{"line":18,"column":50},"end":{"line":18,"column":60}},{"start":{"line":18,"column":63},"end":{"line":18,"column":75}}],"line":18},"1":{"loc":{"start":{"line":20,"column":12},"end":{"line":28,"column":13}},"type":"if","locations":[{"start":{"line":20,"column":12},"end":{"line":28,"column":13}},{"start":{"line":22,"column":19},"end":{"line":28,"column":13}}],"line":20},"2":{"loc":{"start":{"line":22,"column":19},"end":{"line":28,"column":13}},"type":"if","locations":[{"start":{"line":22,"column":19},"end":{"line":28,"column":13}},{"start":{"line":24,"column":18},"end":{"line":28,"column":13}}],"line":22},"3":{"loc":{"start":{"line":24,"column":18},"end":{"line":28,"column":13}},"type":"if","locations":[{"start":{"line":24,"column":18},"end":{"line":28,"column":13}},{"start":{"line":26,"column":18},"end":{"line":28,"column":13}}],"line":24},"4":{"loc":{"start":{"line":32,"column":12},"end":{"line":40,"column":13}},"type":"if","locations":[{"start":{"line":32,"column":12},"end":{"line":40,"column":13}},{"start":{"line":35,"column":17},"end":{"line":40,"column":13}}],"line":32},"5":{"loc":{"start":{"line":35,"column":17},"end":{"line":40,"column":13}},"type":"if","locations":[{"start":{"line":35,"column":17},"end":{"line":40,"column":13}},{"start":{"line":38,"column":17},"end":{"line":40,"column":13}}],"line":35},"6":{"loc":{"start":{"line":35,"column":21},"end":{"line":35,"column":53}},"type":"binary-expr","locations":[{"start":{"line":35,"column":21},"end":{"line":35,"column":36}},{"start":{"line":35,"column":40},"end":{"line":35,"column":53}}],"line":35},"7":{"loc":{"start":{"line":38,"column":17},"end":{"line":40,"column":13}},"type":"if","locations":[{"start":{"line":38,"column":17},"end":{"line":40,"column":13}},{"start":{},"end":{}}],"line":38},"8":{"loc":{"start":{"line":48,"column":8},"end":{"line":54,"column":9}},"type":"if","locations":[{"start":{"line":48,"column":8},"end":{"line":54,"column":9}},{"start":{"line":50,"column":15},"end":{"line":54,"column":9}}],"line":48},"9":{"loc":{"start":{"line":50,"column":15},"end":{"line":54,"column":9}},"type":"if","locations":[{"start":{"line":50,"column":15},"end":{"line":54,"column":9}},{"start":{"line":52,"column":14},"end":{"line":54,"column":9}}],"line":50}},"s":{"0":1,"1":1,"2":1,"3":1,"4":1,"5":0,"6":1,"7":0,"8":1,"9":0,"10":1,"11":0,"12":1,"13":0,"14":1,"15":0,"16":0,"17":0,"18":0,"19":0,"20":0,"21":0,"22":0,"23":0,"24":0,"25":0,"26":0,"27":0,"28":0,"29":0,"30":0,"31":0,"32":0,"33":0,"34":0,"35":0,"36":0,"37":0,"38":0,"39":0,"40":0,"41":0,"42":0,"43":0,"44":0,"45":0,"46":0,"47":0,"48":1},"f":{"0":1,"1":0,"2":0,"3":0,"4":0,"5":0,"6":0,"7":0,"8":0,"9":0,"10":0,"11":0,"12":0,"13":0,"14":0},"b":{"0":[0,0],"1":[0,0],"2":[0,0],"3":[0,0],"4":[0,0],"5":[0,0],"6":[0,0],"7":[0,0],"8":[0,0],"9":[0,0]},"_coverageSchema":"1a1c01bbd47fc00a2c39e90264f33305004495a9","hash":"11dfd12a6b4831e50e8127b71ab77618b973576e"}
,"C:\\Users\\I528812\\Train-project\\configuration-apps\\srv\\store-service.js": {"path":"C:\\Users\\I528812\\Train-project\\configuration-apps\\srv\\store-service.js","statementMap":{"0":{"start":{"line":1,"column":10},"end":{"line":1,"column":29}},"1":{"start":{"line":4,"column":8},"end":{"line":4,"column":27}},"2":{"start":{"line":5,"column":21},"end":{"line":5,"column":40}},"3":{"start":{"line":6,"column":8},"end":{"line":6,"column":80}},"4":{"start":{"line":6,"column":52},"end":{"line":6,"column":78}},"5":{"start":{"line":7,"column":8},"end":{"line":7,"column":83}},"6":{"start":{"line":7,"column":55},"end":{"line":7,"column":81}},"7":{"start":{"line":8,"column":8},"end":{"line":8,"column":77}},"8":{"start":{"line":8,"column":51},"end":{"line":8,"column":75}},"9":{"start":{"line":12,"column":20},"end":{"line":12,"column":70}},"10":{"start":{"line":13,"column":8},"end":{"line":24,"column":11}},"11":{"start":{"line":14,"column":12},"end":{"line":16,"column":13}},"12":{"start":{"line":15,"column":16},"end":{"line":15,"column":37}},"13":{"start":{"line":17,"column":12},"end":{"line":19,"column":13}},"14":{"start":{"line":18,"column":16},"end":{"line":18,"column":37}},"15":{"start":{"line":20,"column":12},"end":{"line":22,"column":13}},"16":{"start":{"line":21,"column":16},"end":{"line":21,"column":37}},"17":{"start":{"line":23,"column":12},"end":{"line":23,"column":92}},"18":{"start":{"line":28,"column":17},"end":{"line":28,"column":91}},"19":{"start":{"line":29,"column":21},"end":{"line":29,"column":35}},"20":{"start":{"line":30,"column":8},"end":{"line":32,"column":9}},"21":{"start":{"line":31,"column":12},"end":{"line":31,"column":26}},"22":{"start":{"line":33,"column":8},"end":{"line":35,"column":9}},"23":{"start":{"line":34,"column":12},"end":{"line":34,"column":26}},"24":{"start":{"line":36,"column":8},"end":{"line":36,"column":60}},"25":{"start":{"line":37,"column":8},"end":{"line":37,"column":84}},"26":{"start":{"line":41,"column":8},"end":{"line":41,"column":59}},"27":{"start":{"line":44,"column":0},"end":{"line":44,"column":30}}},"fnMap":{"0":{"name":"(anonymous_0)","decl":{"start":{"line":3,"column":4},"end":{"line":3,"column":5}},"loc":{"start":{"line":3,"column":17},"end":{"line":9,"column":5}},"line":3},"1":{"name":"(anonymous_1)","decl":{"start":{"line":6,"column":37},"end":{"line":6,"column":38}},"loc":{"start":{"line":6,"column":52},"end":{"line":6,"column":78}},"line":6},"2":{"name":"(anonymous_2)","decl":{"start":{"line":7,"column":34},"end":{"line":7,"column":35}},"loc":{"start":{"line":7,"column":55},"end":{"line":7,"column":81}},"line":7},"3":{"name":"(anonymous_3)","decl":{"start":{"line":8,"column":36},"end":{"line":8,"column":37}},"loc":{"start":{"line":8,"column":51},"end":{"line":8,"column":75}},"line":8},"4":{"name":"(anonymous_4)","decl":{"start":{"line":11,"column":4},"end":{"line":11,"column":5}},"loc":{"start":{"line":11,"column":31},"end":{"line":25,"column":1}},"line":11},"5":{"name":"(anonymous_5)","decl":{"start":{"line":13,"column":22},"end":{"line":13,"column":23}},"loc":{"start":{"line":13,"column":38},"end":{"line":24,"column":9}},"line":13},"6":{"name":"(anonymous_6)","decl":{"start":{"line":26,"column":4},"end":{"line":26,"column":5}},"loc":{"start":{"line":26,"column":29},"end":{"line":38,"column":5}},"line":26},"7":{"name":"(anonymous_7)","decl":{"start":{"line":40,"column":4},"end":{"line":40,"column":5}},"loc":{"start":{"line":40,"column":31},"end":{"line":42,"column":5}},"line":40}},"branchMap":{"0":{"loc":{"start":{"line":12,"column":20},"end":{"line":12,"column":70}},"type":"cond-expr","locations":[{"start":{"line":12,"column":47},"end":{"line":12,"column":56}},{"start":{"line":12,"column":59},"end":{"line":12,"column":70}}],"line":12},"1":{"loc":{"start":{"line":14,"column":12},"end":{"line":16,"column":13}},"type":"if","locations":[{"start":{"line":14,"column":12},"end":{"line":16,"column":13}},{"start":{},"end":{}}],"line":14},"2":{"loc":{"start":{"line":17,"column":12},"end":{"line":19,"column":13}},"type":"if","locations":[{"start":{"line":17,"column":12},"end":{"line":19,"column":13}},{"start":{},"end":{}}],"line":17},"3":{"loc":{"start":{"line":17,"column":16},"end":{"line":17,"column":52}},"type":"binary-expr","locations":[{"start":{"line":17,"column":16},"end":{"line":17,"column":34}},{"start":{"line":17,"column":36},"end":{"line":17,"column":52}}],"line":17},"4":{"loc":{"start":{"line":20,"column":12},"end":{"line":22,"column":13}},"type":"if","locations":[{"start":{"line":20,"column":12},"end":{"line":22,"column":13}},{"start":{},"end":{}}],"line":20},"5":{"loc":{"start":{"line":30,"column":8},"end":{"line":32,"column":9}},"type":"if","locations":[{"start":{"line":30,"column":8},"end":{"line":32,"column":9}},{"start":{},"end":{}}],"line":30},"6":{"loc":{"start":{"line":33,"column":8},"end":{"line":35,"column":9}},"type":"if","locations":[{"start":{"line":33,"column":8},"end":{"line":35,"column":9}},{"start":{},"end":{}}],"line":33}},"s":{"0":1,"1":1,"2":1,"3":1,"4":0,"5":1,"6":0,"7":1,"8":0,"9":0,"10":0,"11":0,"12":0,"13":0,"14":0,"15":0,"16":0,"17":0,"18":0,"19":0,"20":0,"21":0,"22":0,"23":0,"24":0,"25":0,"26":0,"27":1},"f":{"0":1,"1":0,"2":0,"3":0,"4":0,"5":0,"6":0,"7":0},"b":{"0":[0,0],"1":[0,0],"2":[0,0],"3":[0,0],"4":[0,0],"5":[0,0],"6":[0,0]},"_coverageSchema":"1a1c01bbd47fc00a2c39e90264f33305004495a9","hash":"7f6328c4f4aba707d65282687f74f7e08b132d1d"}
}
